{"/Users/bryanarendt/code/ba-starter/app/util/foo.ts": {"path":"/Users/bryanarendt/code/ba-starter/app/util/foo.ts","statementMap":{"0":{"start":{"line":1,"column":19},"end":{"line":1,"column":29}},"1":{"start":{"line":1,"column":25},"end":{"line":1,"column":29}},"2":{"start":{"line":1,"column":13},"end":{"line":1,"column":19}},"3":{"start":{"line":3,"column":0},"end":{"line":5,"column":2}}},"fnMap":{"0":{"name":"(anonymous_0)","decl":{"start":{"line":1,"column":19},"end":{"line":1,"column":22}},"loc":{"start":{"line":1,"column":25},"end":{"line":1,"column":29}}}},"branchMap":{},"s":{"0":1,"1":1,"2":1,"3":1},"f":{"0":1},"b":{}}
}
